[debug] [2025-03-15T13:23:40.689Z] ----------------------------------------------------------------------
[debug] [2025-03-15T13:23:40.694Z] Command:       C:\nvm4w\nodejs\node.exe C:\Users\info\AppData\Roaming\npm\node_modules\firebase-tools\lib\bin\firebase.js init
[debug] [2025-03-15T13:23:40.694Z] CLI Version:   13.34.0
[debug] [2025-03-15T13:23:40.694Z] Platform:      win32
[debug] [2025-03-15T13:23:40.695Z] Node Version:  v20.18.3
[debug] [2025-03-15T13:23:40.695Z] Time:          Sat Mar 15 2025 16:23:40 GMT+0300 (GMT+03:00)
[debug] [2025-03-15T13:23:40.695Z] ----------------------------------------------------------------------
[debug] 
[debug] [2025-03-15T13:23:40.706Z] > command requires scopes: ["email","openid","https://www.googleapis.com/auth/cloudplatformprojects.readonly","https://www.googleapis.com/auth/firebase","https://www.googleapis.com/auth/cloud-platform"]
[debug] [2025-03-15T13:23:40.706Z] > authorizing via signed-in user (pumpsignalsvip@gmail.com)
[info] 
     ######## #### ########  ######## ########     ###     ######  ########
     ##        ##  ##     ## ##       ##     ##  ##   ##  ##       ##
     ######    ##  ########  ######   ########  #########  ######  ######
     ##        ##  ##    ##  ##       ##     ## ##     ##       ## ##
     ##       #### ##     ## ######## ########  ##     ##  ######  ########

You're about to initialize a Firebase project in this directory:

  F:\HDD\projects\firebase\robinhood-frontend

[info] 
=== Project Setup
[info] 
[info] First, let's associate this project directory with a Firebase project.
[info] You can create multiple project aliases by running firebase use --add, 
[info] but for now we'll just set up a default project.
[info] 
[debug] [2025-03-15T13:24:26.012Z] Checked if tokens are valid: true, expires at: 1742048278126
[debug] [2025-03-15T13:24:26.012Z] Checked if tokens are valid: true, expires at: 1742048278126
[debug] [2025-03-15T13:24:26.016Z] >>> [apiv2][query] GET https://firebase.googleapis.com/v1beta1/projects pageSize=100
[debug] [2025-03-15T13:24:26.661Z] <<< [apiv2][status] GET https://firebase.googleapis.com/v1beta1/projects 200
[debug] [2025-03-15T13:24:26.661Z] <<< [apiv2][body] GET https://firebase.googleapis.com/v1beta1/projects [omitted]
[info] i  Using project robinhoodapp-65342 (robinhoodapp-localhost) 
[info] 
=== Hosting Setup
[debug] [2025-03-15T13:24:31.714Z] Checked if tokens are valid: true, expires at: 1742048278126
[debug] [2025-03-15T13:24:31.714Z] Checked if tokens are valid: true, expires at: 1742048278126
[debug] [2025-03-15T13:24:31.715Z] >>> [apiv2][query] GET https://firebase.googleapis.com/v1beta1/projects/robinhoodapp-65342 [none]
[debug] [2025-03-15T13:24:32.189Z] <<< [apiv2][status] GET https://firebase.googleapis.com/v1beta1/projects/robinhoodapp-65342 200
[debug] [2025-03-15T13:24:32.189Z] <<< [apiv2][body] GET https://firebase.googleapis.com/v1beta1/projects/robinhoodapp-65342 {"projectId":"robinhoodapp-65342","projectNumber":"308547885262","displayName":"robinhoodapp-localhost","name":"projects/robinhoodapp-65342","resources":{"hostingSite":"robinhoodapp-65342"},"state":"ACTIVE","etag":"1_b41cc06b-7e2e-4ef1-b0bc-40ea6b44851d"}
[info] 
[info] Your public directory is the folder (relative to your project directory) that
[info] will contain Hosting assets to be uploaded with firebase deploy. If you
[info] have a build process for your assets, use your build's output directory.
[info] 
[debug] [2025-03-15T13:26:05.843Z] >>> [apiv2][query] GET https://www.gstatic.com/firebasejs/releases.json [none]
[debug] [2025-03-15T13:26:06.148Z] <<< [apiv2][status] GET https://www.gstatic.com/firebasejs/releases.json 200
[debug] [2025-03-15T13:26:06.149Z] <<< [apiv2][body] GET https://www.gstatic.com/firebasejs/releases.json {"current":{"version":"11.4.0","browserURL":"https://www.gstatic.com/firebasejs/11.4.0/firebase.js","packageURL":"https://www.gstatic.com/firebasejs/11.4.0/firebase.tgz"},"live":{"version":"11.4","browserURL":"https://www.gstatic.com/firebasejs/live/11.4/firebase.js","packageURL":"https://www.gstatic.com/firebasejs/live/11.4/firebase.tgz"},"components":{"analytics":"https://www.gstatic.com/firebasejs/11.4.0/firebase-analytics.js","app":"https://www.gstatic.com/firebasejs/11.4.0/firebase-app.js","app-check":"https://www.gstatic.com/firebasejs/11.4.0/firebase-app-check.js","auth":"https://www.gstatic.com/firebasejs/11.4.0/firebase-auth.js","auth/cordova":"https://www.gstatic.com/firebasejs/11.4.0/firebase-auth/cordova.js","auth/web-extension":"https://www.gstatic.com/firebasejs/11.4.0/firebase-auth/web-extension.js","functions":"https://www.gstatic.com/firebasejs/11.4.0/firebase-functions.js","firestore":"https://www.gstatic.com/firebasejs/11.4.0/firebase-firestore.js","firestore/lite":"https://www.gstatic.com/firebasejs/11.4.0/firebase-firestore/lite.js","installations":"https://www.gstatic.com/firebasejs/11.4.0/firebase-installations.js","storage":"https://www.gstatic.com/firebasejs/11.4.0/firebase-storage.js","performance":"https://www.gstatic.com/firebasejs/11.4.0/firebase-performance.js","remote-config":"https://www.gstatic.com/firebasejs/11.4.0/firebase-remote-config.js","messaging":"https://www.gstatic.com/firebasejs/11.4.0/firebase-messaging.js","messaging/sw":"https://www.gstatic.com/firebasejs/11.4.0/firebase-messaging/sw.js","database":"https://www.gstatic.com/firebasejs/11.4.0/firebase-database.js","vertexai":"https://www.gstatic.com/firebasejs/11.4.0/firebase-vertexai.js","data-connect":"https://www.gstatic.com/firebasejs/11.4.0/firebase-data-connect.js","firestore.memory":"https://www.gstatic.com/firebasejs/11.4.0/firebase-firestore.memory.js"}}
[info] +  Wrote build/index.html 
[info] 
[info] i  Detected a .git folder at F:\HDD\projects\firebase\robinhood-frontend 
[info] i  Authorizing with GitHub to upload your service account to a GitHub repository's secrets store. 
[info] 
[info] Visit this URL on this device to log in:
[info] https://github.com/login/oauth/authorize?client_id=89cf50f02ac6aaed3484&state=552576856&redirect_uri=http%3A%2F%2Flocalhost%3A9005&scope=read%3Auser%20repo%20public_repo
[info] 
[info] Waiting for authentication...
[debug] [2025-03-15T13:26:06.746Z] Error: spawn cmd ENOENT
    at ChildProcess._handle.onexit (node:internal/child_process:285:19)
    at onErrorNT (node:internal/child_process:483:16)
    at process.processTicksAndRejections (node:internal/process/task_queues:82:21)
[error] 
[error] Error: An unexpected error has occurred.
[debug] [2025-03-15T13:26:51.816Z] ----------------------------------------------------------------------
[debug] [2025-03-15T13:26:51.819Z] Command:       C:\nvm4w\nodejs\node.exe C:\Users\info\AppData\Roaming\npm\node_modules\firebase-tools\lib\bin\firebase.js init
[debug] [2025-03-15T13:26:51.820Z] CLI Version:   13.34.0
[debug] [2025-03-15T13:26:51.820Z] Platform:      win32
[debug] [2025-03-15T13:26:51.820Z] Node Version:  v20.18.3
[debug] [2025-03-15T13:26:51.820Z] Time:          Sat Mar 15 2025 16:26:51 GMT+0300 (GMT+03:00)
[debug] [2025-03-15T13:26:51.820Z] ----------------------------------------------------------------------
[debug] 
[debug] [2025-03-15T13:26:51.830Z] > command requires scopes: ["email","openid","https://www.googleapis.com/auth/cloudplatformprojects.readonly","https://www.googleapis.com/auth/firebase","https://www.googleapis.com/auth/cloud-platform"]
[debug] [2025-03-15T13:26:51.830Z] > authorizing via signed-in user (pumpsignalsvip@gmail.com)
[info] 
     ######## #### ########  ######## ########     ###     ######  ########
     ##        ##  ##     ## ##       ##     ##  ##   ##  ##       ##
     ######    ##  ########  ######   ########  #########  ######  ######
     ##        ##  ##    ##  ##       ##     ## ##     ##       ## ##
     ##       #### ##     ## ######## ########  ##     ##  ######  ########

You're about to initialize a Firebase project in this directory:

  F:\HDD\projects\firebase\robinhood-frontend

